<?xml version="1.0" encoding="UTF-8"?>
<testsuite xmlns:xsi="http://www.w3.org/2001/XMLSchema-instance" xsi:noNamespaceSchemaLocation="https://maven.apache.org/surefire/maven-surefire-plugin/xsd/surefire-test-report.xsd" name="TestSuite" time="64.504" tests="5" errors="0" skipped="2" failures="1">
  <properties>
[...]
</properties>
  <testcase name="doLogin" classname="com.qtpselenium.rediff.testcases.LoginTest" time="0">
    <skipped message="Skipping the test as Runmode is N"/>
    <system-out><![CDATA[--------
--------
--------
--------
--------
]]></system-out>
  </testcase>
  <testcase name="doLogin" classname="com.qtpselenium.rediff.testcases.LoginTest" time="29.302"/>
  <testcase name="doLogin" classname="com.qtpselenium.rediff.testcases.LoginTest" time="0">
    <skipped message="Skipping the test as Runmode is N"/>
    <system-out><![CDATA[CreatePortfolioTest -- click -- createPortfolio_id -- null
]]></system-out>
  </testcase>
  <testcase name="doLogin" classname="com.qtpselenium.rediff.testcases.CreatePortfolioTest" time="13.301"/>
  <testcase name="deletePortFolio" classname="com.qtpselenium.rediff.testcases.DeletePortfolioTest" time="23.424">
    <failure message="Cannot locate element with text: Z100&#10;For documentation on this error, please visit: https://www.seleniumhq.org/exceptions/no_such_element.html&#10;Build info: version: &apos;3.141.59&apos;, revision: &apos;e82be7d358&apos;, time: &apos;2018-11-14T08:17:03&apos;&#10;System info: host: &apos;DESKTOP-RTOOT5Q&apos;, ip: &apos;192.168.43.11&apos;, os.name: &apos;Windows 10&apos;, os.arch: &apos;amd64&apos;, os.version: &apos;10.0&apos;, java.version: &apos;11.0.5&apos;&#10;Driver info: driver.version: unknown" type="org.openqa.selenium.NoSuchElementException">org.openqa.selenium.NoSuchElementException: 
Cannot locate element with text: Z100
For documentation on this error, please visit: https://www.seleniumhq.org/exceptions/no_such_element.html
Build info: version: '3.141.59', revision: 'e82be7d358', time: '2018-11-14T08:17:03'
System info: host: 'DESKTOP-RTOOT5Q', ip: '192.168.43.11', os.name: 'Windows 10', os.arch: 'amd64', os.version: '10.0', java.version: '11.0.5'
Driver info: driver.version: unknown
	at com.qtpselenium.rediff.testcases.DeletePortfolioTest.deletePortFolio(DeletePortfolioTest.java:35)
</failure>
  </testcase>
</testsuite>