<?xml version="1.0" encoding="UTF-8"?>
<!-- Generated by org.testng.reporters.JUnitXMLReporter -->
<testsuite ignored="0" hostname="DESKTOP-RTOOT5Q" failures="0" tests="3" name="Login Test" time="35.99" errors="0" timestamp="03 Dec 2019 02:57:50 GMT">
  <testcase classname="com.qtpselenium.rediff.testcases.LoginTest" name="doLogin" time="0.056">
    <skipped/>
  </testcase> <!-- doLogin -->
  <testcase classname="com.qtpselenium.rediff.testcases.LoginTest" name="doLogin" time="29.302"/>
  <testcase classname="com.qtpselenium.rediff.testcases.LoginTest" name="doLogin" time="0.003">
    <skipped/>
  </testcase> <!-- doLogin -->
</testsuite> <!-- Login Test -->
